2025-11-17T17:37:42.143+05:30  INFO 30952 --- [Rideshare] [restartedMain] com.rideshare.RideshareApplication       : Starting RideshareApplication using Java 23.0.1 with PID 30952 (C:\Users\SAI KOUSHIK\Downloads\rideshare\rideshare\target\classes started by SAI KOUSHIK in C:\Users\SAI KOUSHIK\Downloads\rideshare\rideshare)
2025-11-17T17:37:42.159+05:30  INFO 30952 --- [Rideshare] [restartedMain] com.rideshare.RideshareApplication       : No active profile set, falling back to 1 default profile: "default"
2025-11-17T17:37:42.327+05:30  INFO 30952 --- [Rideshare] [restartedMain] .e.DevToolsPropertyDefaultsPostProcessor : Devtools property defaults active! Set 'spring.devtools.add-properties' to 'false' to disable
2025-11-17T17:37:42.327+05:30  INFO 30952 --- [Rideshare] [restartedMain] .e.DevToolsPropertyDefaultsPostProcessor : For additional web related logging consider setting the 'logging.level.web' property to 'DEBUG'
2025-11-17T17:37:44.029+05:30  INFO 30952 --- [Rideshare] [restartedMain] .s.d.r.c.RepositoryConfigurationDelegate : Bootstrapping Spring Data JPA repositories in DEFAULT mode.
2025-11-17T17:37:44.153+05:30  INFO 30952 --- [Rideshare] [restartedMain] .s.d.r.c.RepositoryConfigurationDelegate : Finished Spring Data repository scanning in 103 ms. Found 5 JPA repository interfaces.
2025-11-17T17:37:45.779+05:30  INFO 30952 --- [Rideshare] [restartedMain] o.s.b.w.embedded.tomcat.TomcatWebServer  : Tomcat initialized with port 8080 (http)
2025-11-17T17:37:45.811+05:30  INFO 30952 --- [Rideshare] [restartedMain] o.apache.catalina.core.StandardService   : Starting service [Tomcat]
2025-11-17T17:37:45.817+05:30  INFO 30952 --- [Rideshare] [restartedMain] o.apache.catalina.core.StandardEngine    : Starting Servlet engine: [Apache Tomcat/10.1.46]
2025-11-17T17:37:45.922+05:30  INFO 30952 --- [Rideshare] [restartedMain] o.a.c.c.C.[Tomcat].[localhost].[/]       : Initializing Spring embedded WebApplicationContext
2025-11-17T17:37:45.922+05:30  INFO 30952 --- [Rideshare] [restartedMain] w.s.c.ServletWebServerApplicationContext : Root WebApplicationContext: initialization completed in 3595 ms
2025-11-17T17:37:46.359+05:30  INFO 30952 --- [Rideshare] [restartedMain] o.hibernate.jpa.internal.util.LogHelper  : HHH000204: Processing PersistenceUnitInfo [name: default]
2025-11-17T17:37:46.510+05:30  INFO 30952 --- [Rideshare] [restartedMain] org.hibernate.Version                    : HHH000412: Hibernate ORM core version 6.6.29.Final
2025-11-17T17:37:46.574+05:30  INFO 30952 --- [Rideshare] [restartedMain] o.h.c.internal.RegionFactoryInitiator    : HHH000026: Second-level cache disabled
2025-11-17T17:37:47.189+05:30  INFO 30952 --- [Rideshare] [restartedMain] o.s.o.j.p.SpringPersistenceUnitInfo      : No LoadTimeWeaver setup: ignoring JPA class transformer
2025-11-17T17:37:47.259+05:30  INFO 30952 --- [Rideshare] [restartedMain] com.zaxxer.hikari.HikariDataSource       : HikariPool-1 - Starting...
2025-11-17T17:37:48.411+05:30  INFO 30952 --- [Rideshare] [restartedMain] com.zaxxer.hikari.pool.HikariPool        : HikariPool-1 - Added connection com.mysql.cj.jdbc.ConnectionImpl@20558d40
2025-11-17T17:37:48.423+05:30  INFO 30952 --- [Rideshare] [restartedMain] com.zaxxer.hikari.HikariDataSource       : HikariPool-1 - Start completed.
2025-11-17T17:37:48.579+05:30  WARN 30952 --- [Rideshare] [restartedMain] org.hibernate.orm.deprecation            : HHH90000025: MySQL8Dialect does not need to be specified explicitly using 'hibernate.dialect' (remove the property setting and it will be selected by default)
2025-11-17T17:37:48.585+05:30  WARN 30952 --- [Rideshare] [restartedMain] org.hibernate.orm.deprecation            : HHH90000026: MySQL8Dialect has been deprecated; use org.hibernate.dialect.MySQLDialect instead
2025-11-17T17:37:48.644+05:30  INFO 30952 --- [Rideshare] [restartedMain] org.hibernate.orm.connections.pooling    : HHH10001005: Database info:
	Database JDBC URL [Connecting through datasource 'HikariDataSource (HikariPool-1)']
	Database driver: undefined/unknown
	Database version: 8.0
	Autocommit mode: undefined/unknown
	Isolation level: undefined/unknown
	Minimum pool size: undefined/unknown
	Maximum pool size: undefined/unknown
2025-11-17T17:37:50.033+05:30  INFO 30952 --- [Rideshare] [restartedMain] o.h.e.t.j.p.i.JtaPlatformInitiator       : HHH000489: No JTA platform available (set 'hibernate.transaction.jta.platform' to enable JTA platform integration)
2025-11-17T17:37:50.207+05:30  INFO 30952 --- [Rideshare] [restartedMain] j.LocalContainerEntityManagerFactoryBean : Initialized JPA EntityManagerFactory for persistence unit 'default'
2025-11-17T17:37:50.960+05:30  INFO 30952 --- [Rideshare] [restartedMain] o.s.d.j.r.query.QueryEnhancerFactory     : Hibernate is in classpath; If applicable, HQL parser will be used.
2025-11-17T17:37:52.896+05:30  WARN 30952 --- [Rideshare] [restartedMain] JpaBaseConfiguration$JpaWebConfiguration : spring.jpa.open-in-view is enabled by default. Therefore, database queries may be performed during view rendering. Explicitly configure spring.jpa.open-in-view to disable this warning
2025-11-17T17:37:53.077+05:30  INFO 30952 --- [Rideshare] [restartedMain] o.s.b.a.w.s.WelcomePageHandlerMapping    : Adding welcome page: class path resource [static/index.html]
2025-11-17T17:37:53.325+05:30  WARN 30952 --- [Rideshare] [restartedMain] .s.s.UserDetailsServiceAutoConfiguration : 

Using generated security password: cd7c0fd6-ba41-4932-a713-c2c548983a43

This generated password is for development use only. Your security configuration must be updated before running your application in production.

2025-11-17T17:37:53.346+05:30  INFO 30952 --- [Rideshare] [restartedMain] r$InitializeUserDetailsManagerConfigurer : Global AuthenticationManager configured with UserDetailsService bean with name inMemoryUserDetailsManager
2025-11-17T17:37:54.255+05:30  INFO 30952 --- [Rideshare] [restartedMain] o.s.b.d.a.OptionalLiveReloadServer       : LiveReload server is running on port 35729
2025-11-17T17:37:54.281+05:30  INFO 30952 --- [Rideshare] [restartedMain] o.s.m.s.b.SimpleBrokerMessageHandler     : Starting...
2025-11-17T17:37:54.281+05:30  INFO 30952 --- [Rideshare] [restartedMain] o.s.m.s.b.SimpleBrokerMessageHandler     : BrokerAvailabilityEvent[available=true, SimpleBrokerMessageHandler [org.springframework.messaging.simp.broker.DefaultSubscriptionRegistry@5bff1a2a]]
2025-11-17T17:37:54.284+05:30  INFO 30952 --- [Rideshare] [restartedMain] o.s.m.s.b.SimpleBrokerMessageHandler     : Started.
2025-11-17T17:37:54.321+05:30  INFO 30952 --- [Rideshare] [restartedMain] o.s.b.w.embedded.tomcat.TomcatWebServer  : Tomcat started on port 8080 (http) with context path '/'
2025-11-17T17:37:54.340+05:30  INFO 30952 --- [Rideshare] [restartedMain] com.rideshare.RideshareApplication       : Started RideshareApplication in 13.126 seconds (process running for 15.337)
2025-11-17T17:38:00.655+05:30  INFO 30952 --- [Rideshare] [http-nio-8080-exec-2] o.a.c.c.C.[Tomcat].[localhost].[/]       : Initializing Spring DispatcherServlet 'dispatcherServlet'
2025-11-17T17:38:00.662+05:30  INFO 30952 --- [Rideshare] [http-nio-8080-exec-2] o.s.web.servlet.DispatcherServlet        : Initializing Servlet 'dispatcherServlet'
2025-11-17T17:38:00.671+05:30  INFO 30952 --- [Rideshare] [http-nio-8080-exec-2] o.s.web.servlet.DispatcherServlet        : Completed initialization in 9 ms
2025-11-17T17:38:54.323+05:30  INFO 30952 --- [Rideshare] [MessageBroker-1] o.s.w.s.c.WebSocketMessageBrokerStats    : WebSocketSession[0 current WS(0)-HttpStream(0)-HttpPoll(0), 0 total, 0 closed abnormally (0 connect failure, 0 send limit, 0 transport error)], stompSubProtocol[processed CONNECT(0)-CONNECTED(0)-DISCONNECT(0)], stompBrokerRelay[null], inboundChannel[pool size = 0, active threads = 0, queued tasks = 0, completed tasks = 0], outboundChannel[pool size = 0, active threads = 0, queued tasks = 0, completed tasks = 0], sockJsScheduler[pool size = 1, active threads = 1, queued tasks = 0, completed tasks = 0]
2025-11-17T17:53:22.954+05:30  INFO 30952 --- [Rideshare] [SpringApplicationShutdownHook] o.s.b.w.e.tomcat.GracefulShutdown        : Commencing graceful shutdown. Waiting for active requests to complete
2025-11-17T17:53:22.970+05:30  INFO 30952 --- [Rideshare] [tomcat-shutdown] o.s.b.w.e.tomcat.GracefulShutdown        : Graceful shutdown complete
2025-11-17T17:53:22.970+05:30  INFO 30952 --- [Rideshare] [SpringApplicationShutdownHook] o.s.m.s.b.SimpleBrokerMessageHandler     : Stopping...
2025-11-17T17:53:22.970+05:30  INFO 30952 --- [Rideshare] [SpringApplicationShutdownHook] o.s.m.s.b.SimpleBrokerMessageHandler     : BrokerAvailabilityEvent[available=false, SimpleBrokerMessageHandler [org.springframework.messaging.simp.broker.DefaultSubscriptionRegistry@5bff1a2a]]
2025-11-17T17:53:22.970+05:30  INFO 30952 --- [Rideshare] [SpringApplicationShutdownHook] o.s.m.s.b.SimpleBrokerMessageHandler     : Stopped.
2025-11-17T17:53:22.989+05:30  INFO 30952 --- [Rideshare] [SpringApplicationShutdownHook] j.LocalContainerEntityManagerFactoryBean : Closing JPA EntityManagerFactory for persistence unit 'default'
2025-11-17T17:53:22.995+05:30  INFO 30952 --- [Rideshare] [SpringApplicationShutdownHook] com.zaxxer.hikari.HikariDataSource       : HikariPool-1 - Shutdown initiated...
2025-11-17T17:53:23.008+05:30  INFO 30952 --- [Rideshare] [SpringApplicationShutdownHook] com.zaxxer.hikari.HikariDataSource       : HikariPool-1 - Shutdown completed.
2025-11-17T18:22:43.726+05:30  INFO 19384 --- [Rideshare] [restartedMain] com.rideshare.RideshareApplication       : Starting RideshareApplication using Java 23.0.1 with PID 19384 (C:\Users\SAI KOUSHIK\Downloads\rideshare\rideshare\target\classes started by SAI KOUSHIK in C:\Users\SAI KOUSHIK\Downloads\rideshare\rideshare)
2025-11-17T18:22:43.731+05:30  INFO 19384 --- [Rideshare] [restartedMain] com.rideshare.RideshareApplication       : No active profile set, falling back to 1 default profile: "default"
2025-11-17T18:22:43.902+05:30  INFO 19384 --- [Rideshare] [restartedMain] .e.DevToolsPropertyDefaultsPostProcessor : Devtools property defaults active! Set 'spring.devtools.add-properties' to 'false' to disable
2025-11-17T18:22:43.902+05:30  INFO 19384 --- [Rideshare] [restartedMain] .e.DevToolsPropertyDefaultsPostProcessor : For additional web related logging consider setting the 'logging.level.web' property to 'DEBUG'
2025-11-17T18:22:45.474+05:30  INFO 19384 --- [Rideshare] [restartedMain] .s.d.r.c.RepositoryConfigurationDelegate : Bootstrapping Spring Data JPA repositories in DEFAULT mode.
2025-11-17T18:22:45.580+05:30  INFO 19384 --- [Rideshare] [restartedMain] .s.d.r.c.RepositoryConfigurationDelegate : Finished Spring Data repository scanning in 100 ms. Found 5 JPA repository interfaces.
2025-11-17T18:22:46.937+05:30  INFO 19384 --- [Rideshare] [restartedMain] o.s.b.w.embedded.tomcat.TomcatWebServer  : Tomcat initialized with port 8080 (http)
2025-11-17T18:22:46.969+05:30  INFO 19384 --- [Rideshare] [restartedMain] o.apache.catalina.core.StandardService   : Starting service [Tomcat]
2025-11-17T18:22:46.969+05:30  INFO 19384 --- [Rideshare] [restartedMain] o.apache.catalina.core.StandardEngine    : Starting Servlet engine: [Apache Tomcat/10.1.46]
2025-11-17T18:22:47.049+05:30  INFO 19384 --- [Rideshare] [restartedMain] o.a.c.c.C.[Tomcat].[localhost].[/]       : Initializing Spring embedded WebApplicationContext
2025-11-17T18:22:47.049+05:30  INFO 19384 --- [Rideshare] [restartedMain] w.s.c.ServletWebServerApplicationContext : Root WebApplicationContext: initialization completed in 3147 ms
2025-11-17T18:22:47.461+05:30  INFO 19384 --- [Rideshare] [restartedMain] o.hibernate.jpa.internal.util.LogHelper  : HHH000204: Processing PersistenceUnitInfo [name: default]
2025-11-17T18:22:47.579+05:30  INFO 19384 --- [Rideshare] [restartedMain] org.hibernate.Version                    : HHH000412: Hibernate ORM core version 6.6.29.Final
2025-11-17T18:22:47.641+05:30  INFO 19384 --- [Rideshare] [restartedMain] o.h.c.internal.RegionFactoryInitiator    : HHH000026: Second-level cache disabled
2025-11-17T18:22:48.227+05:30  INFO 19384 --- [Rideshare] [restartedMain] o.s.o.j.p.SpringPersistenceUnitInfo      : No LoadTimeWeaver setup: ignoring JPA class transformer
2025-11-17T18:22:48.306+05:30  INFO 19384 --- [Rideshare] [restartedMain] com.zaxxer.hikari.HikariDataSource       : HikariPool-1 - Starting...
2025-11-17T18:22:48.988+05:30  INFO 19384 --- [Rideshare] [restartedMain] com.zaxxer.hikari.pool.HikariPool        : HikariPool-1 - Added connection com.mysql.cj.jdbc.ConnectionImpl@ed23113
2025-11-17T18:22:48.994+05:30  INFO 19384 --- [Rideshare] [restartedMain] com.zaxxer.hikari.HikariDataSource       : HikariPool-1 - Start completed.
2025-11-17T18:22:49.067+05:30  WARN 19384 --- [Rideshare] [restartedMain] org.hibernate.orm.deprecation            : HHH90000025: MySQL8Dialect does not need to be specified explicitly using 'hibernate.dialect' (remove the property setting and it will be selected by default)
2025-11-17T18:22:49.067+05:30  WARN 19384 --- [Rideshare] [restartedMain] org.hibernate.orm.deprecation            : HHH90000026: MySQL8Dialect has been deprecated; use org.hibernate.dialect.MySQLDialect instead
2025-11-17T18:22:49.126+05:30  INFO 19384 --- [Rideshare] [restartedMain] org.hibernate.orm.connections.pooling    : HHH10001005: Database info:
	Database JDBC URL [Connecting through datasource 'HikariDataSource (HikariPool-1)']
	Database driver: undefined/unknown
	Database version: 8.0
	Autocommit mode: undefined/unknown
	Isolation level: undefined/unknown
	Minimum pool size: undefined/unknown
	Maximum pool size: undefined/unknown
2025-11-17T18:22:50.646+05:30  INFO 19384 --- [Rideshare] [restartedMain] o.h.e.t.j.p.i.JtaPlatformInitiator       : HHH000489: No JTA platform available (set 'hibernate.transaction.jta.platform' to enable JTA platform integration)
2025-11-17T18:22:50.734+05:30  INFO 19384 --- [Rideshare] [restartedMain] j.LocalContainerEntityManagerFactoryBean : Initialized JPA EntityManagerFactory for persistence unit 'default'
2025-11-17T18:22:51.475+05:30  INFO 19384 --- [Rideshare] [restartedMain] o.s.d.j.r.query.QueryEnhancerFactory     : Hibernate is in classpath; If applicable, HQL parser will be used.
2025-11-17T18:22:53.611+05:30  WARN 19384 --- [Rideshare] [restartedMain] JpaBaseConfiguration$JpaWebConfiguration : spring.jpa.open-in-view is enabled by default. Therefore, database queries may be performed during view rendering. Explicitly configure spring.jpa.open-in-view to disable this warning
2025-11-17T18:22:53.763+05:30  INFO 19384 --- [Rideshare] [restartedMain] o.s.b.a.w.s.WelcomePageHandlerMapping    : Adding welcome page: class path resource [static/index.html]
2025-11-17T18:22:54.001+05:30  WARN 19384 --- [Rideshare] [restartedMain] .s.s.UserDetailsServiceAutoConfiguration : 

Using generated security password: 645f41b6-8dd3-4332-8f91-b1d31f8e17b0

This generated password is for development use only. Your security configuration must be updated before running your application in production.

2025-11-17T18:22:54.032+05:30  INFO 19384 --- [Rideshare] [restartedMain] r$InitializeUserDetailsManagerConfigurer : Global AuthenticationManager configured with UserDetailsService bean with name inMemoryUserDetailsManager
2025-11-17T18:22:54.873+05:30  INFO 19384 --- [Rideshare] [restartedMain] o.s.b.d.a.OptionalLiveReloadServer       : LiveReload server is running on port 35729
2025-11-17T18:22:54.904+05:30  INFO 19384 --- [Rideshare] [restartedMain] o.s.m.s.b.SimpleBrokerMessageHandler     : Starting...
2025-11-17T18:22:54.904+05:30  INFO 19384 --- [Rideshare] [restartedMain] o.s.m.s.b.SimpleBrokerMessageHandler     : BrokerAvailabilityEvent[available=true, SimpleBrokerMessageHandler [org.springframework.messaging.simp.broker.DefaultSubscriptionRegistry@12da99cc]]
2025-11-17T18:22:54.904+05:30  INFO 19384 --- [Rideshare] [restartedMain] o.s.m.s.b.SimpleBrokerMessageHandler     : Started.
2025-11-17T18:22:54.953+05:30  INFO 19384 --- [Rideshare] [restartedMain] o.s.b.w.embedded.tomcat.TomcatWebServer  : Tomcat started on port 8080 (http) with context path '/'
2025-11-17T18:22:54.969+05:30  INFO 19384 --- [Rideshare] [restartedMain] com.rideshare.RideshareApplication       : Started RideshareApplication in 12.323 seconds (process running for 13.489)
2025-11-17T18:23:07.132+05:30  INFO 19384 --- [Rideshare] [http-nio-8080-exec-1] o.a.c.c.C.[Tomcat].[localhost].[/]       : Initializing Spring DispatcherServlet 'dispatcherServlet'
2025-11-17T18:23:07.133+05:30  INFO 19384 --- [Rideshare] [http-nio-8080-exec-1] o.s.web.servlet.DispatcherServlet        : Initializing Servlet 'dispatcherServlet'
2025-11-17T18:23:07.140+05:30  INFO 19384 --- [Rideshare] [http-nio-8080-exec-1] o.s.web.servlet.DispatcherServlet        : Completed initialization in 6 ms
2025-11-17T18:23:39.154+05:30  INFO 19384 --- [Rideshare] [SpringApplicationShutdownHook] o.s.b.w.e.tomcat.GracefulShutdown        : Commencing graceful shutdown. Waiting for active requests to complete
2025-11-17T18:23:39.170+05:30  INFO 19384 --- [Rideshare] [tomcat-shutdown] o.s.b.w.e.tomcat.GracefulShutdown        : Graceful shutdown complete
2025-11-17T18:23:39.170+05:30  INFO 19384 --- [Rideshare] [SpringApplicationShutdownHook] o.s.m.s.b.SimpleBrokerMessageHandler     : Stopping...
2025-11-17T18:23:39.170+05:30  INFO 19384 --- [Rideshare] [SpringApplicationShutdownHook] o.s.m.s.b.SimpleBrokerMessageHandler     : BrokerAvailabilityEvent[available=false, SimpleBrokerMessageHandler [org.springframework.messaging.simp.broker.DefaultSubscriptionRegistry@12da99cc]]
2025-11-17T18:23:39.170+05:30  INFO 19384 --- [Rideshare] [SpringApplicationShutdownHook] o.s.m.s.b.SimpleBrokerMessageHandler     : Stopped.
2025-11-17T18:23:39.185+05:30  INFO 19384 --- [Rideshare] [SpringApplicationShutdownHook] j.LocalContainerEntityManagerFactoryBean : Closing JPA EntityManagerFactory for persistence unit 'default'
2025-11-17T18:23:39.201+05:30  INFO 19384 --- [Rideshare] [SpringApplicationShutdownHook] com.zaxxer.hikari.HikariDataSource       : HikariPool-1 - Shutdown initiated...
2025-11-17T18:23:39.217+05:30  INFO 19384 --- [Rideshare] [SpringApplicationShutdownHook] com.zaxxer.hikari.HikariDataSource       : HikariPool-1 - Shutdown completed.
2025-11-17T18:24:44.304+05:30  INFO 15856 --- [Rideshare] [restartedMain] com.rideshare.RideshareApplication       : Starting RideshareApplication using Java 23.0.1 with PID 15856 (C:\Users\SAI KOUSHIK\Downloads\rideshare\rideshare\target\classes started by SAI KOUSHIK in C:\Users\SAI KOUSHIK\Downloads\rideshare\rideshare)
2025-11-17T18:24:44.320+05:30  INFO 15856 --- [Rideshare] [restartedMain] com.rideshare.RideshareApplication       : No active profile set, falling back to 1 default profile: "default"
2025-11-17T18:24:44.523+05:30  INFO 15856 --- [Rideshare] [restartedMain] .e.DevToolsPropertyDefaultsPostProcessor : Devtools property defaults active! Set 'spring.devtools.add-properties' to 'false' to disable
2025-11-17T18:24:44.523+05:30  INFO 15856 --- [Rideshare] [restartedMain] .e.DevToolsPropertyDefaultsPostProcessor : For additional web related logging consider setting the 'logging.level.web' property to 'DEBUG'
2025-11-17T18:24:46.440+05:30  INFO 15856 --- [Rideshare] [restartedMain] .s.d.r.c.RepositoryConfigurationDelegate : Bootstrapping Spring Data JPA repositories in DEFAULT mode.
2025-11-17T18:24:46.536+05:30  INFO 15856 --- [Rideshare] [restartedMain] .s.d.r.c.RepositoryConfigurationDelegate : Finished Spring Data repository scanning in 79 ms. Found 5 JPA repository interfaces.
2025-11-17T18:24:47.836+05:30  INFO 15856 --- [Rideshare] [restartedMain] o.s.b.w.embedded.tomcat.TomcatWebServer  : Tomcat initialized with port 8080 (http)
2025-11-17T18:24:47.868+05:30  INFO 15856 --- [Rideshare] [restartedMain] o.apache.catalina.core.StandardService   : Starting service [Tomcat]
2025-11-17T18:24:47.868+05:30  INFO 15856 --- [Rideshare] [restartedMain] o.apache.catalina.core.StandardEngine    : Starting Servlet engine: [Apache Tomcat/10.1.46]
2025-11-17T18:24:47.956+05:30  INFO 15856 --- [Rideshare] [restartedMain] o.a.c.c.C.[Tomcat].[localhost].[/]       : Initializing Spring embedded WebApplicationContext
2025-11-17T18:24:47.956+05:30  INFO 15856 --- [Rideshare] [restartedMain] w.s.c.ServletWebServerApplicationContext : Root WebApplicationContext: initialization completed in 3429 ms
2025-11-17T18:24:48.574+05:30  INFO 15856 --- [Rideshare] [restartedMain] o.hibernate.jpa.internal.util.LogHelper  : HHH000204: Processing PersistenceUnitInfo [name: default]
2025-11-17T18:24:48.684+05:30  INFO 15856 --- [Rideshare] [restartedMain] org.hibernate.Version                    : HHH000412: Hibernate ORM core version 6.6.29.Final
2025-11-17T18:24:48.750+05:30  INFO 15856 --- [Rideshare] [restartedMain] o.h.c.internal.RegionFactoryInitiator    : HHH000026: Second-level cache disabled
2025-11-17T18:24:49.275+05:30  INFO 15856 --- [Rideshare] [restartedMain] o.s.o.j.p.SpringPersistenceUnitInfo      : No LoadTimeWeaver setup: ignoring JPA class transformer
2025-11-17T18:24:49.371+05:30  INFO 15856 --- [Rideshare] [restartedMain] com.zaxxer.hikari.HikariDataSource       : HikariPool-1 - Starting...
2025-11-17T18:24:50.014+05:30  INFO 15856 --- [Rideshare] [restartedMain] com.zaxxer.hikari.pool.HikariPool        : HikariPool-1 - Added connection com.mysql.cj.jdbc.ConnectionImpl@17e8685f
2025-11-17T18:24:50.017+05:30  INFO 15856 --- [Rideshare] [restartedMain] com.zaxxer.hikari.HikariDataSource       : HikariPool-1 - Start completed.
2025-11-17T18:24:50.113+05:30  WARN 15856 --- [Rideshare] [restartedMain] org.hibernate.orm.deprecation            : HHH90000025: MySQL8Dialect does not need to be specified explicitly using 'hibernate.dialect' (remove the property setting and it will be selected by default)
2025-11-17T18:24:50.113+05:30  WARN 15856 --- [Rideshare] [restartedMain] org.hibernate.orm.deprecation            : HHH90000026: MySQL8Dialect has been deprecated; use org.hibernate.dialect.MySQLDialect instead
2025-11-17T18:24:50.160+05:30  INFO 15856 --- [Rideshare] [restartedMain] org.hibernate.orm.connections.pooling    : HHH10001005: Database info:
	Database JDBC URL [Connecting through datasource 'HikariDataSource (HikariPool-1)']
	Database driver: undefined/unknown
	Database version: 8.0
	Autocommit mode: undefined/unknown
	Isolation level: undefined/unknown
	Minimum pool size: undefined/unknown
	Maximum pool size: undefined/unknown
2025-11-17T18:24:51.592+05:30  INFO 15856 --- [Rideshare] [restartedMain] o.h.e.t.j.p.i.JtaPlatformInitiator       : HHH000489: No JTA platform available (set 'hibernate.transaction.jta.platform' to enable JTA platform integration)
2025-11-17T18:24:51.707+05:30  INFO 15856 --- [Rideshare] [restartedMain] j.LocalContainerEntityManagerFactoryBean : Initialized JPA EntityManagerFactory for persistence unit 'default'
2025-11-17T18:24:52.452+05:30  INFO 15856 --- [Rideshare] [restartedMain] o.s.d.j.r.query.QueryEnhancerFactory     : Hibernate is in classpath; If applicable, HQL parser will be used.
2025-11-17T18:24:54.619+05:30  WARN 15856 --- [Rideshare] [restartedMain] JpaBaseConfiguration$JpaWebConfiguration : spring.jpa.open-in-view is enabled by default. Therefore, database queries may be performed during view rendering. Explicitly configure spring.jpa.open-in-view to disable this warning
2025-11-17T18:24:54.826+05:30  INFO 15856 --- [Rideshare] [restartedMain] o.s.b.a.w.s.WelcomePageHandlerMapping    : Adding welcome page: class path resource [static/index.html]
2025-11-17T18:24:55.081+05:30  WARN 15856 --- [Rideshare] [restartedMain] .s.s.UserDetailsServiceAutoConfiguration : 

Using generated security password: b02329d6-082c-4ee4-9e9f-5e03fa1defaa

This generated password is for development use only. Your security configuration must be updated before running your application in production.

2025-11-17T18:24:55.097+05:30  INFO 15856 --- [Rideshare] [restartedMain] r$InitializeUserDetailsManagerConfigurer : Global AuthenticationManager configured with UserDetailsService bean with name inMemoryUserDetailsManager
2025-11-17T18:24:56.034+05:30  INFO 15856 --- [Rideshare] [restartedMain] o.s.b.d.a.OptionalLiveReloadServer       : LiveReload server is running on port 35729
2025-11-17T18:24:56.066+05:30  INFO 15856 --- [Rideshare] [restartedMain] o.s.m.s.b.SimpleBrokerMessageHandler     : Starting...
2025-11-17T18:24:56.066+05:30  INFO 15856 --- [Rideshare] [restartedMain] o.s.m.s.b.SimpleBrokerMessageHandler     : BrokerAvailabilityEvent[available=true, SimpleBrokerMessageHandler [org.springframework.messaging.simp.broker.DefaultSubscriptionRegistry@625320a1]]
2025-11-17T18:24:56.066+05:30  INFO 15856 --- [Rideshare] [restartedMain] o.s.m.s.b.SimpleBrokerMessageHandler     : Started.
2025-11-17T18:24:56.113+05:30  INFO 15856 --- [Rideshare] [restartedMain] o.s.b.w.embedded.tomcat.TomcatWebServer  : Tomcat started on port 8080 (http) with context path '/'
2025-11-17T18:24:56.129+05:30  INFO 15856 --- [Rideshare] [restartedMain] com.rideshare.RideshareApplication       : Started RideshareApplication in 13.078 seconds (process running for 14.186)
2025-11-17T18:25:00.276+05:30  INFO 15856 --- [Rideshare] [http-nio-8080-exec-2] o.a.c.c.C.[Tomcat].[localhost].[/]       : Initializing Spring DispatcherServlet 'dispatcherServlet'
2025-11-17T18:25:00.276+05:30  INFO 15856 --- [Rideshare] [http-nio-8080-exec-2] o.s.web.servlet.DispatcherServlet        : Initializing Servlet 'dispatcherServlet'
2025-11-17T18:25:00.282+05:30  INFO 15856 --- [Rideshare] [http-nio-8080-exec-2] o.s.web.servlet.DispatcherServlet        : Completed initialization in 6 ms
2025-11-17T18:25:37.502+05:30  INFO 15856 --- [Rideshare] [SpringApplicationShutdownHook] o.s.b.w.e.tomcat.GracefulShutdown        : Commencing graceful shutdown. Waiting for active requests to complete
2025-11-17T18:25:37.506+05:30  INFO 15856 --- [Rideshare] [tomcat-shutdown] o.s.b.w.e.tomcat.GracefulShutdown        : Graceful shutdown complete
2025-11-17T18:25:37.522+05:30  INFO 15856 --- [Rideshare] [SpringApplicationShutdownHook] o.s.m.s.b.SimpleBrokerMessageHandler     : Stopping...
2025-11-17T18:25:37.522+05:30  INFO 15856 --- [Rideshare] [SpringApplicationShutdownHook] o.s.m.s.b.SimpleBrokerMessageHandler     : BrokerAvailabilityEvent[available=false, SimpleBrokerMessageHandler [org.springframework.messaging.simp.broker.DefaultSubscriptionRegistry@625320a1]]
2025-11-17T18:25:37.522+05:30  INFO 15856 --- [Rideshare] [SpringApplicationShutdownHook] o.s.m.s.b.SimpleBrokerMessageHandler     : Stopped.
2025-11-17T18:25:37.532+05:30  INFO 15856 --- [Rideshare] [SpringApplicationShutdownHook] j.LocalContainerEntityManagerFactoryBean : Closing JPA EntityManagerFactory for persistence unit 'default'
2025-11-17T18:25:37.538+05:30  INFO 15856 --- [Rideshare] [SpringApplicationShutdownHook] com.zaxxer.hikari.HikariDataSource       : HikariPool-1 - Shutdown initiated...
2025-11-17T18:25:37.569+05:30  INFO 15856 --- [Rideshare] [SpringApplicationShutdownHook] com.zaxxer.hikari.HikariDataSource       : HikariPool-1 - Shutdown completed.
2025-11-17T18:28:09.349+05:30  INFO 5556 --- [Rideshare] [restartedMain] com.rideshare.RideshareApplication       : Starting RideshareApplication using Java 23.0.1 with PID 5556 (C:\Users\SAI KOUSHIK\Downloads\rideshare\rideshare\target\classes started by SAI KOUSHIK in C:\Users\SAI KOUSHIK\Downloads\rideshare\rideshare)
2025-11-17T18:28:09.359+05:30  INFO 5556 --- [Rideshare] [restartedMain] com.rideshare.RideshareApplication       : No active profile set, falling back to 1 default profile: "default"
2025-11-17T18:28:09.517+05:30  INFO 5556 --- [Rideshare] [restartedMain] .e.DevToolsPropertyDefaultsPostProcessor : Devtools property defaults active! Set 'spring.devtools.add-properties' to 'false' to disable
2025-11-17T18:28:09.517+05:30  INFO 5556 --- [Rideshare] [restartedMain] .e.DevToolsPropertyDefaultsPostProcessor : For additional web related logging consider setting the 'logging.level.web' property to 'DEBUG'
2025-11-17T18:28:11.198+05:30  INFO 5556 --- [Rideshare] [restartedMain] .s.d.r.c.RepositoryConfigurationDelegate : Bootstrapping Spring Data JPA repositories in DEFAULT mode.
2025-11-17T18:28:11.335+05:30  INFO 5556 --- [Rideshare] [restartedMain] .s.d.r.c.RepositoryConfigurationDelegate : Finished Spring Data repository scanning in 115 ms. Found 5 JPA repository interfaces.
2025-11-17T18:28:12.957+05:30  INFO 5556 --- [Rideshare] [restartedMain] o.s.b.w.embedded.tomcat.TomcatWebServer  : Tomcat initialized with port 8080 (http)
2025-11-17T18:28:12.990+05:30  INFO 5556 --- [Rideshare] [restartedMain] o.apache.catalina.core.StandardService   : Starting service [Tomcat]
2025-11-17T18:28:13.006+05:30  INFO 5556 --- [Rideshare] [restartedMain] o.apache.catalina.core.StandardEngine    : Starting Servlet engine: [Apache Tomcat/10.1.46]
2025-11-17T18:28:13.084+05:30  INFO 5556 --- [Rideshare] [restartedMain] o.a.c.c.C.[Tomcat].[localhost].[/]       : Initializing Spring embedded WebApplicationContext
2025-11-17T18:28:13.084+05:30  INFO 5556 --- [Rideshare] [restartedMain] w.s.c.ServletWebServerApplicationContext : Root WebApplicationContext: initialization completed in 3567 ms
2025-11-17T18:28:13.518+05:30  INFO 5556 --- [Rideshare] [restartedMain] o.hibernate.jpa.internal.util.LogHelper  : HHH000204: Processing PersistenceUnitInfo [name: default]
2025-11-17T18:28:13.622+05:30  INFO 5556 --- [Rideshare] [restartedMain] org.hibernate.Version                    : HHH000412: Hibernate ORM core version 6.6.29.Final
2025-11-17T18:28:13.692+05:30  INFO 5556 --- [Rideshare] [restartedMain] o.h.c.internal.RegionFactoryInitiator    : HHH000026: Second-level cache disabled
2025-11-17T18:28:14.187+05:30  INFO 5556 --- [Rideshare] [restartedMain] o.s.o.j.p.SpringPersistenceUnitInfo      : No LoadTimeWeaver setup: ignoring JPA class transformer
2025-11-17T18:28:14.289+05:30  INFO 5556 --- [Rideshare] [restartedMain] com.zaxxer.hikari.HikariDataSource       : HikariPool-1 - Starting...
2025-11-17T18:28:14.885+05:30  INFO 5556 --- [Rideshare] [restartedMain] com.zaxxer.hikari.pool.HikariPool        : HikariPool-1 - Added connection com.mysql.cj.jdbc.ConnectionImpl@6023b974
2025-11-17T18:28:14.885+05:30  INFO 5556 --- [Rideshare] [restartedMain] com.zaxxer.hikari.HikariDataSource       : HikariPool-1 - Start completed.
2025-11-17T18:28:14.948+05:30  WARN 5556 --- [Rideshare] [restartedMain] org.hibernate.orm.deprecation            : HHH90000025: MySQL8Dialect does not need to be specified explicitly using 'hibernate.dialect' (remove the property setting and it will be selected by default)
2025-11-17T18:28:14.948+05:30  WARN 5556 --- [Rideshare] [restartedMain] org.hibernate.orm.deprecation            : HHH90000026: MySQL8Dialect has been deprecated; use org.hibernate.dialect.MySQLDialect instead
2025-11-17T18:28:14.998+05:30  INFO 5556 --- [Rideshare] [restartedMain] org.hibernate.orm.connections.pooling    : HHH10001005: Database info:
	Database JDBC URL [Connecting through datasource 'HikariDataSource (HikariPool-1)']
	Database driver: undefined/unknown
	Database version: 8.0
	Autocommit mode: undefined/unknown
	Isolation level: undefined/unknown
	Minimum pool size: undefined/unknown
	Maximum pool size: undefined/unknown
2025-11-17T18:28:16.301+05:30  INFO 5556 --- [Rideshare] [restartedMain] o.h.e.t.j.p.i.JtaPlatformInitiator       : HHH000489: No JTA platform available (set 'hibernate.transaction.jta.platform' to enable JTA platform integration)
2025-11-17T18:28:16.398+05:30  INFO 5556 --- [Rideshare] [restartedMain] j.LocalContainerEntityManagerFactoryBean : Initialized JPA EntityManagerFactory for persistence unit 'default'
2025-11-17T18:28:17.107+05:30  INFO 5556 --- [Rideshare] [restartedMain] o.s.d.j.r.query.QueryEnhancerFactory     : Hibernate is in classpath; If applicable, HQL parser will be used.
2025-11-17T18:28:19.401+05:30  WARN 5556 --- [Rideshare] [restartedMain] JpaBaseConfiguration$JpaWebConfiguration : spring.jpa.open-in-view is enabled by default. Therefore, database queries may be performed during view rendering. Explicitly configure spring.jpa.open-in-view to disable this warning
2025-11-17T18:28:19.565+05:30  INFO 5556 --- [Rideshare] [restartedMain] o.s.b.a.w.s.WelcomePageHandlerMapping    : Adding welcome page: class path resource [static/index.html]
2025-11-17T18:28:19.813+05:30  WARN 5556 --- [Rideshare] [restartedMain] .s.s.UserDetailsServiceAutoConfiguration : 

Using generated security password: 6b8e3f48-ecbd-41ed-8c58-0e50531c595f

This generated password is for development use only. Your security configuration must be updated before running your application in production.

2025-11-17T18:28:19.853+05:30  INFO 5556 --- [Rideshare] [restartedMain] r$InitializeUserDetailsManagerConfigurer : Global AuthenticationManager configured with UserDetailsService bean with name inMemoryUserDetailsManager
2025-11-17T18:28:20.826+05:30  INFO 5556 --- [Rideshare] [restartedMain] o.s.b.d.a.OptionalLiveReloadServer       : LiveReload server is running on port 35729
2025-11-17T18:28:20.863+05:30  INFO 5556 --- [Rideshare] [restartedMain] o.s.m.s.b.SimpleBrokerMessageHandler     : Starting...
2025-11-17T18:28:20.865+05:30  INFO 5556 --- [Rideshare] [restartedMain] o.s.m.s.b.SimpleBrokerMessageHandler     : BrokerAvailabilityEvent[available=true, SimpleBrokerMessageHandler [org.springframework.messaging.simp.broker.DefaultSubscriptionRegistry@2632a4c0]]
2025-11-17T18:28:20.866+05:30  INFO 5556 --- [Rideshare] [restartedMain] o.s.m.s.b.SimpleBrokerMessageHandler     : Started.
2025-11-17T18:28:20.969+05:30  INFO 5556 --- [Rideshare] [restartedMain] o.s.b.w.embedded.tomcat.TomcatWebServer  : Tomcat started on port 8080 (http) with context path '/'
2025-11-17T18:28:20.999+05:30  INFO 5556 --- [Rideshare] [restartedMain] com.rideshare.RideshareApplication       : Started RideshareApplication in 12.688 seconds (process running for 13.878)
2025-11-17T18:28:24.771+05:30  INFO 5556 --- [Rideshare] [http-nio-8080-exec-1] o.a.c.c.C.[Tomcat].[localhost].[/]       : Initializing Spring DispatcherServlet 'dispatcherServlet'
2025-11-17T18:28:24.771+05:30  INFO 5556 --- [Rideshare] [http-nio-8080-exec-1] o.s.web.servlet.DispatcherServlet        : Initializing Servlet 'dispatcherServlet'
2025-11-17T18:28:24.773+05:30  INFO 5556 --- [Rideshare] [http-nio-8080-exec-1] o.s.web.servlet.DispatcherServlet        : Completed initialization in 0 ms
2025-11-17T18:29:02.911+05:30  INFO 5556 --- [Rideshare] [SpringApplicationShutdownHook] o.s.b.w.e.tomcat.GracefulShutdown        : Commencing graceful shutdown. Waiting for active requests to complete
2025-11-17T18:29:02.931+05:30  INFO 5556 --- [Rideshare] [tomcat-shutdown] o.s.b.w.e.tomcat.GracefulShutdown        : Graceful shutdown complete
2025-11-17T18:29:02.936+05:30  INFO 5556 --- [Rideshare] [SpringApplicationShutdownHook] o.s.m.s.b.SimpleBrokerMessageHandler     : Stopping...
2025-11-17T18:29:02.936+05:30  INFO 5556 --- [Rideshare] [SpringApplicationShutdownHook] o.s.m.s.b.SimpleBrokerMessageHandler     : BrokerAvailabilityEvent[available=false, SimpleBrokerMessageHandler [org.springframework.messaging.simp.broker.DefaultSubscriptionRegistry@2632a4c0]]
2025-11-17T18:29:02.936+05:30  INFO 5556 --- [Rideshare] [SpringApplicationShutdownHook] o.s.m.s.b.SimpleBrokerMessageHandler     : Stopped.
2025-11-17T18:29:02.942+05:30  INFO 5556 --- [Rideshare] [SpringApplicationShutdownHook] j.LocalContainerEntityManagerFactoryBean : Closing JPA EntityManagerFactory for persistence unit 'default'
2025-11-17T18:29:02.947+05:30  INFO 5556 --- [Rideshare] [SpringApplicationShutdownHook] com.zaxxer.hikari.HikariDataSource       : HikariPool-1 - Shutdown initiated...
2025-11-17T18:29:02.979+05:30  INFO 5556 --- [Rideshare] [SpringApplicationShutdownHook] com.zaxxer.hikari.HikariDataSource       : HikariPool-1 - Shutdown completed.
2025-11-17T18:30:37.815+05:30  INFO 9132 --- [Rideshare] [restartedMain] com.rideshare.RideshareApplication       : Starting RideshareApplication using Java 23.0.1 with PID 9132 (C:\Users\SAI KOUSHIK\Downloads\rideshare\rideshare\target\classes started by SAI KOUSHIK in C:\Users\SAI KOUSHIK\Downloads\rideshare\rideshare)
2025-11-17T18:30:37.815+05:30  INFO 9132 --- [Rideshare] [restartedMain] com.rideshare.RideshareApplication       : No active profile set, falling back to 1 default profile: "default"
2025-11-17T18:30:38.005+05:30  INFO 9132 --- [Rideshare] [restartedMain] .e.DevToolsPropertyDefaultsPostProcessor : Devtools property defaults active! Set 'spring.devtools.add-properties' to 'false' to disable
2025-11-17T18:30:38.005+05:30  INFO 9132 --- [Rideshare] [restartedMain] .e.DevToolsPropertyDefaultsPostProcessor : For additional web related logging consider setting the 'logging.level.web' property to 'DEBUG'
2025-11-17T18:30:39.731+05:30  INFO 9132 --- [Rideshare] [restartedMain] .s.d.r.c.RepositoryConfigurationDelegate : Bootstrapping Spring Data JPA repositories in DEFAULT mode.
2025-11-17T18:30:39.849+05:30  INFO 9132 --- [Rideshare] [restartedMain] .s.d.r.c.RepositoryConfigurationDelegate : Finished Spring Data repository scanning in 107 ms. Found 5 JPA repository interfaces.
2025-11-17T18:30:41.214+05:30  INFO 9132 --- [Rideshare] [restartedMain] o.s.b.w.embedded.tomcat.TomcatWebServer  : Tomcat initialized with port 8080 (http)
2025-11-17T18:30:41.245+05:30  INFO 9132 --- [Rideshare] [restartedMain] o.apache.catalina.core.StandardService   : Starting service [Tomcat]
2025-11-17T18:30:41.245+05:30  INFO 9132 --- [Rideshare] [restartedMain] o.apache.catalina.core.StandardEngine    : Starting Servlet engine: [Apache Tomcat/10.1.46]
2025-11-17T18:30:41.347+05:30  INFO 9132 --- [Rideshare] [restartedMain] o.a.c.c.C.[Tomcat].[localhost].[/]       : Initializing Spring embedded WebApplicationContext
2025-11-17T18:30:41.352+05:30  INFO 9132 --- [Rideshare] [restartedMain] w.s.c.ServletWebServerApplicationContext : Root WebApplicationContext: initialization completed in 3342 ms
2025-11-17T18:30:41.720+05:30  INFO 9132 --- [Rideshare] [restartedMain] o.hibernate.jpa.internal.util.LogHelper  : HHH000204: Processing PersistenceUnitInfo [name: default]
2025-11-17T18:30:41.833+05:30  INFO 9132 --- [Rideshare] [restartedMain] org.hibernate.Version                    : HHH000412: Hibernate ORM core version 6.6.29.Final
2025-11-17T18:30:41.924+05:30  INFO 9132 --- [Rideshare] [restartedMain] o.h.c.internal.RegionFactoryInitiator    : HHH000026: Second-level cache disabled
2025-11-17T18:30:42.488+05:30  INFO 9132 --- [Rideshare] [restartedMain] o.s.o.j.p.SpringPersistenceUnitInfo      : No LoadTimeWeaver setup: ignoring JPA class transformer
2025-11-17T18:30:42.583+05:30  INFO 9132 --- [Rideshare] [restartedMain] com.zaxxer.hikari.HikariDataSource       : HikariPool-1 - Starting...
2025-11-17T18:30:43.145+05:30  INFO 9132 --- [Rideshare] [restartedMain] com.zaxxer.hikari.pool.HikariPool        : HikariPool-1 - Added connection com.mysql.cj.jdbc.ConnectionImpl@3bb8f6fc
2025-11-17T18:30:43.160+05:30  INFO 9132 --- [Rideshare] [restartedMain] com.zaxxer.hikari.HikariDataSource       : HikariPool-1 - Start completed.
2025-11-17T18:30:43.224+05:30  WARN 9132 --- [Rideshare] [restartedMain] org.hibernate.orm.deprecation            : HHH90000025: MySQL8Dialect does not need to be specified explicitly using 'hibernate.dialect' (remove the property setting and it will be selected by default)
2025-11-17T18:30:43.224+05:30  WARN 9132 --- [Rideshare] [restartedMain] org.hibernate.orm.deprecation            : HHH90000026: MySQL8Dialect has been deprecated; use org.hibernate.dialect.MySQLDialect instead
2025-11-17T18:30:43.256+05:30  INFO 9132 --- [Rideshare] [restartedMain] org.hibernate.orm.connections.pooling    : HHH10001005: Database info:
	Database JDBC URL [Connecting through datasource 'HikariDataSource (HikariPool-1)']
	Database driver: undefined/unknown
	Database version: 8.0
	Autocommit mode: undefined/unknown
	Isolation level: undefined/unknown
	Minimum pool size: undefined/unknown
	Maximum pool size: undefined/unknown
2025-11-17T18:30:44.796+05:30  INFO 9132 --- [Rideshare] [restartedMain] o.h.e.t.j.p.i.JtaPlatformInitiator       : HHH000489: No JTA platform available (set 'hibernate.transaction.jta.platform' to enable JTA platform integration)
2025-11-17T18:30:44.874+05:30  INFO 9132 --- [Rideshare] [restartedMain] j.LocalContainerEntityManagerFactoryBean : Initialized JPA EntityManagerFactory for persistence unit 'default'
2025-11-17T18:30:45.598+05:30  INFO 9132 --- [Rideshare] [restartedMain] o.s.d.j.r.query.QueryEnhancerFactory     : Hibernate is in classpath; If applicable, HQL parser will be used.
2025-11-17T18:30:47.470+05:30  WARN 9132 --- [Rideshare] [restartedMain] JpaBaseConfiguration$JpaWebConfiguration : spring.jpa.open-in-view is enabled by default. Therefore, database queries may be performed during view rendering. Explicitly configure spring.jpa.open-in-view to disable this warning
2025-11-17T18:30:47.617+05:30  INFO 9132 --- [Rideshare] [restartedMain] o.s.b.a.w.s.WelcomePageHandlerMapping    : Adding welcome page: class path resource [static/index.html]
2025-11-17T18:30:47.878+05:30  WARN 9132 --- [Rideshare] [restartedMain] .s.s.UserDetailsServiceAutoConfiguration : 

Using generated security password: 4c0de7a2-ca33-4ae3-a75b-94f4d54992df

This generated password is for development use only. Your security configuration must be updated before running your application in production.

2025-11-17T18:30:47.924+05:30  INFO 9132 --- [Rideshare] [restartedMain] r$InitializeUserDetailsManagerConfigurer : Global AuthenticationManager configured with UserDetailsService bean with name inMemoryUserDetailsManager
2025-11-17T18:30:48.842+05:30  INFO 9132 --- [Rideshare] [restartedMain] o.s.b.d.a.OptionalLiveReloadServer       : LiveReload server is running on port 35729
2025-11-17T18:30:48.870+05:30  INFO 9132 --- [Rideshare] [restartedMain] o.s.m.s.b.SimpleBrokerMessageHandler     : Starting...
2025-11-17T18:30:48.872+05:30  INFO 9132 --- [Rideshare] [restartedMain] o.s.m.s.b.SimpleBrokerMessageHandler     : BrokerAvailabilityEvent[available=true, SimpleBrokerMessageHandler [org.springframework.messaging.simp.broker.DefaultSubscriptionRegistry@754c989c]]
2025-11-17T18:30:48.874+05:30  INFO 9132 --- [Rideshare] [restartedMain] o.s.m.s.b.SimpleBrokerMessageHandler     : Started.
2025-11-17T18:30:48.929+05:30  INFO 9132 --- [Rideshare] [restartedMain] o.s.b.w.embedded.tomcat.TomcatWebServer  : Tomcat started on port 8080 (http) with context path '/'
2025-11-17T18:30:48.937+05:30  INFO 9132 --- [Rideshare] [restartedMain] com.rideshare.RideshareApplication       : Started RideshareApplication in 12.211 seconds (process running for 13.225)
2025-11-17T18:30:55.719+05:30  INFO 9132 --- [Rideshare] [http-nio-8080-exec-1] o.a.c.c.C.[Tomcat].[localhost].[/]       : Initializing Spring DispatcherServlet 'dispatcherServlet'
2025-11-17T18:30:55.719+05:30  INFO 9132 --- [Rideshare] [http-nio-8080-exec-1] o.s.web.servlet.DispatcherServlet        : Initializing Servlet 'dispatcherServlet'
2025-11-17T18:30:55.719+05:30  INFO 9132 --- [Rideshare] [http-nio-8080-exec-1] o.s.web.servlet.DispatcherServlet        : Completed initialization in 0 ms
2025-11-17T18:31:48.896+05:30  INFO 9132 --- [Rideshare] [MessageBroker-1] o.s.w.s.c.WebSocketMessageBrokerStats    : WebSocketSession[0 current WS(0)-HttpStream(0)-HttpPoll(0), 0 total, 0 closed abnormally (0 connect failure, 0 send limit, 0 transport error)], stompSubProtocol[processed CONNECT(0)-CONNECTED(0)-DISCONNECT(0)], stompBrokerRelay[null], inboundChannel[pool size = 0, active threads = 0, queued tasks = 0, completed tasks = 0], outboundChannel[pool size = 0, active threads = 0, queued tasks = 0, completed tasks = 0], sockJsScheduler[pool size = 1, active threads = 1, queued tasks = 0, completed tasks = 0]
2025-11-17T18:40:04.916+05:30  INFO 9132 --- [Rideshare] [SpringApplicationShutdownHook] o.s.b.w.e.tomcat.GracefulShutdown        : Commencing graceful shutdown. Waiting for active requests to complete
2025-11-17T18:40:04.929+05:30  INFO 9132 --- [Rideshare] [tomcat-shutdown] o.s.b.w.e.tomcat.GracefulShutdown        : Graceful shutdown complete
2025-11-17T18:40:04.929+05:30  INFO 9132 --- [Rideshare] [SpringApplicationShutdownHook] o.s.m.s.b.SimpleBrokerMessageHandler     : Stopping...
2025-11-17T18:40:04.929+05:30  INFO 9132 --- [Rideshare] [SpringApplicationShutdownHook] o.s.m.s.b.SimpleBrokerMessageHandler     : BrokerAvailabilityEvent[available=false, SimpleBrokerMessageHandler [org.springframework.messaging.simp.broker.DefaultSubscriptionRegistry@754c989c]]
2025-11-17T18:40:04.929+05:30  INFO 9132 --- [Rideshare] [SpringApplicationShutdownHook] o.s.m.s.b.SimpleBrokerMessageHandler     : Stopped.
2025-11-17T18:40:04.948+05:30  INFO 9132 --- [Rideshare] [SpringApplicationShutdownHook] j.LocalContainerEntityManagerFactoryBean : Closing JPA EntityManagerFactory for persistence unit 'default'
2025-11-17T18:40:04.950+05:30  INFO 9132 --- [Rideshare] [SpringApplicationShutdownHook] com.zaxxer.hikari.HikariDataSource       : HikariPool-1 - Shutdown initiated...
2025-11-17T18:40:04.971+05:30  INFO 9132 --- [Rideshare] [SpringApplicationShutdownHook] com.zaxxer.hikari.HikariDataSource       : HikariPool-1 - Shutdown completed.
2025-11-17T18:40:28.585+05:30  INFO 22964 --- [Rideshare] [restartedMain] com.rideshare.RideshareApplication       : Starting RideshareApplication using Java 23.0.1 with PID 22964 (C:\Users\SAI KOUSHIK\Downloads\rideshare\rideshare\target\classes started by SAI KOUSHIK in C:\Users\SAI KOUSHIK\Downloads\rideshare\rideshare)
2025-11-17T18:40:28.601+05:30  INFO 22964 --- [Rideshare] [restartedMain] com.rideshare.RideshareApplication       : No active profile set, falling back to 1 default profile: "default"
2025-11-17T18:40:28.753+05:30  INFO 22964 --- [Rideshare] [restartedMain] .e.DevToolsPropertyDefaultsPostProcessor : Devtools property defaults active! Set 'spring.devtools.add-properties' to 'false' to disable
2025-11-17T18:40:28.753+05:30  INFO 22964 --- [Rideshare] [restartedMain] .e.DevToolsPropertyDefaultsPostProcessor : For additional web related logging consider setting the 'logging.level.web' property to 'DEBUG'
2025-11-17T18:40:30.310+05:30  INFO 22964 --- [Rideshare] [restartedMain] .s.d.r.c.RepositoryConfigurationDelegate : Bootstrapping Spring Data JPA repositories in DEFAULT mode.
2025-11-17T18:40:30.453+05:30  INFO 22964 --- [Rideshare] [restartedMain] .s.d.r.c.RepositoryConfigurationDelegate : Finished Spring Data repository scanning in 131 ms. Found 5 JPA repository interfaces.
2025-11-17T18:40:31.908+05:30  INFO 22964 --- [Rideshare] [restartedMain] o.s.b.w.embedded.tomcat.TomcatWebServer  : Tomcat initialized with port 8080 (http)
2025-11-17T18:40:31.942+05:30  INFO 22964 --- [Rideshare] [restartedMain] o.apache.catalina.core.StandardService   : Starting service [Tomcat]
2025-11-17T18:40:31.942+05:30  INFO 22964 --- [Rideshare] [restartedMain] o.apache.catalina.core.StandardEngine    : Starting Servlet engine: [Apache Tomcat/10.1.46]
2025-11-17T18:40:32.066+05:30  INFO 22964 --- [Rideshare] [restartedMain] o.a.c.c.C.[Tomcat].[localhost].[/]       : Initializing Spring embedded WebApplicationContext
2025-11-17T18:40:32.066+05:30  INFO 22964 --- [Rideshare] [restartedMain] w.s.c.ServletWebServerApplicationContext : Root WebApplicationContext: initialization completed in 3313 ms
2025-11-17T18:40:32.506+05:30  INFO 22964 --- [Rideshare] [restartedMain] o.hibernate.jpa.internal.util.LogHelper  : HHH000204: Processing PersistenceUnitInfo [name: default]
2025-11-17T18:40:32.633+05:30  INFO 22964 --- [Rideshare] [restartedMain] org.hibernate.Version                    : HHH000412: Hibernate ORM core version 6.6.29.Final
2025-11-17T18:40:32.718+05:30  INFO 22964 --- [Rideshare] [restartedMain] o.h.c.internal.RegionFactoryInitiator    : HHH000026: Second-level cache disabled
2025-11-17T18:40:33.204+05:30  INFO 22964 --- [Rideshare] [restartedMain] o.s.o.j.p.SpringPersistenceUnitInfo      : No LoadTimeWeaver setup: ignoring JPA class transformer
2025-11-17T18:40:33.236+05:30  INFO 22964 --- [Rideshare] [restartedMain] com.zaxxer.hikari.HikariDataSource       : HikariPool-1 - Starting...
2025-11-17T18:40:33.913+05:30  INFO 22964 --- [Rideshare] [restartedMain] com.zaxxer.hikari.pool.HikariPool        : HikariPool-1 - Added connection com.mysql.cj.jdbc.ConnectionImpl@7fe9c999
2025-11-17T18:40:33.916+05:30  INFO 22964 --- [Rideshare] [restartedMain] com.zaxxer.hikari.HikariDataSource       : HikariPool-1 - Start completed.
2025-11-17T18:40:33.995+05:30  WARN 22964 --- [Rideshare] [restartedMain] org.hibernate.orm.deprecation            : HHH90000025: MySQL8Dialect does not need to be specified explicitly using 'hibernate.dialect' (remove the property setting and it will be selected by default)
2025-11-17T18:40:33.995+05:30  WARN 22964 --- [Rideshare] [restartedMain] org.hibernate.orm.deprecation            : HHH90000026: MySQL8Dialect has been deprecated; use org.hibernate.dialect.MySQLDialect instead
2025-11-17T18:40:34.053+05:30  INFO 22964 --- [Rideshare] [restartedMain] org.hibernate.orm.connections.pooling    : HHH10001005: Database info:
	Database JDBC URL [Connecting through datasource 'HikariDataSource (HikariPool-1)']
	Database driver: undefined/unknown
	Database version: 8.0
	Autocommit mode: undefined/unknown
	Isolation level: undefined/unknown
	Minimum pool size: undefined/unknown
	Maximum pool size: undefined/unknown
2025-11-17T18:40:35.313+05:30  INFO 22964 --- [Rideshare] [restartedMain] o.h.e.t.j.p.i.JtaPlatformInitiator       : HHH000489: No JTA platform available (set 'hibernate.transaction.jta.platform' to enable JTA platform integration)
2025-11-17T18:40:35.393+05:30  INFO 22964 --- [Rideshare] [restartedMain] j.LocalContainerEntityManagerFactoryBean : Initialized JPA EntityManagerFactory for persistence unit 'default'
2025-11-17T18:40:36.028+05:30  INFO 22964 --- [Rideshare] [restartedMain] o.s.d.j.r.query.QueryEnhancerFactory     : Hibernate is in classpath; If applicable, HQL parser will be used.
2025-11-17T18:40:37.930+05:30  WARN 22964 --- [Rideshare] [restartedMain] JpaBaseConfiguration$JpaWebConfiguration : spring.jpa.open-in-view is enabled by default. Therefore, database queries may be performed during view rendering. Explicitly configure spring.jpa.open-in-view to disable this warning
2025-11-17T18:40:38.090+05:30  INFO 22964 --- [Rideshare] [restartedMain] o.s.b.a.w.s.WelcomePageHandlerMapping    : Adding welcome page: class path resource [static/index.html]
2025-11-17T18:40:38.344+05:30  WARN 22964 --- [Rideshare] [restartedMain] .s.s.UserDetailsServiceAutoConfiguration : 

Using generated security password: 902e70d9-32ea-4a5b-887a-37fadf78da7c

This generated password is for development use only. Your security configuration must be updated before running your application in production.

2025-11-17T18:40:38.372+05:30  INFO 22964 --- [Rideshare] [restartedMain] r$InitializeUserDetailsManagerConfigurer : Global AuthenticationManager configured with UserDetailsService bean with name inMemoryUserDetailsManager
2025-11-17T18:40:39.116+05:30  INFO 22964 --- [Rideshare] [restartedMain] o.s.b.d.a.OptionalLiveReloadServer       : LiveReload server is running on port 35729
2025-11-17T18:40:39.156+05:30  INFO 22964 --- [Rideshare] [restartedMain] o.s.m.s.b.SimpleBrokerMessageHandler     : Starting...
2025-11-17T18:40:39.160+05:30  INFO 22964 --- [Rideshare] [restartedMain] o.s.m.s.b.SimpleBrokerMessageHandler     : BrokerAvailabilityEvent[available=true, SimpleBrokerMessageHandler [org.springframework.messaging.simp.broker.DefaultSubscriptionRegistry@39d959e0]]
2025-11-17T18:40:39.160+05:30  INFO 22964 --- [Rideshare] [restartedMain] o.s.m.s.b.SimpleBrokerMessageHandler     : Started.
2025-11-17T18:40:39.212+05:30  INFO 22964 --- [Rideshare] [restartedMain] o.s.b.w.embedded.tomcat.TomcatWebServer  : Tomcat started on port 8080 (http) with context path '/'
2025-11-17T18:40:39.217+05:30  INFO 22964 --- [Rideshare] [restartedMain] com.rideshare.RideshareApplication       : Started RideshareApplication in 11.738 seconds (process running for 12.835)
2025-11-17T18:40:44.194+05:30  INFO 22964 --- [Rideshare] [http-nio-8080-exec-1] o.a.c.c.C.[Tomcat].[localhost].[/]       : Initializing Spring DispatcherServlet 'dispatcherServlet'
2025-11-17T18:40:44.195+05:30  INFO 22964 --- [Rideshare] [http-nio-8080-exec-1] o.s.web.servlet.DispatcherServlet        : Initializing Servlet 'dispatcherServlet'
2025-11-17T18:40:44.202+05:30  INFO 22964 --- [Rideshare] [http-nio-8080-exec-1] o.s.web.servlet.DispatcherServlet        : Completed initialization in 0 ms
2025-11-17T18:41:39.232+05:30  INFO 22964 --- [Rideshare] [MessageBroker-1] o.s.w.s.c.WebSocketMessageBrokerStats    : WebSocketSession[0 current WS(0)-HttpStream(0)-HttpPoll(0), 0 total, 0 closed abnormally (0 connect failure, 0 send limit, 0 transport error)], stompSubProtocol[processed CONNECT(0)-CONNECTED(0)-DISCONNECT(0)], stompBrokerRelay[null], inboundChannel[pool size = 0, active threads = 0, queued tasks = 0, completed tasks = 0], outboundChannel[pool size = 0, active threads = 0, queued tasks = 0, completed tasks = 0], sockJsScheduler[pool size = 1, active threads = 1, queued tasks = 0, completed tasks = 0]
2025-11-17T18:44:01.138+05:30  INFO 22964 --- [Rideshare] [SpringApplicationShutdownHook] o.s.b.w.e.tomcat.GracefulShutdown        : Commencing graceful shutdown. Waiting for active requests to complete
2025-11-17T18:44:01.138+05:30  INFO 22964 --- [Rideshare] [tomcat-shutdown] o.s.b.w.e.tomcat.GracefulShutdown        : Graceful shutdown complete
2025-11-17T18:44:01.154+05:30  INFO 22964 --- [Rideshare] [SpringApplicationShutdownHook] o.s.m.s.b.SimpleBrokerMessageHandler     : Stopping...
2025-11-17T18:44:01.154+05:30  INFO 22964 --- [Rideshare] [SpringApplicationShutdownHook] o.s.m.s.b.SimpleBrokerMessageHandler     : BrokerAvailabilityEvent[available=false, SimpleBrokerMessageHandler [org.springframework.messaging.simp.broker.DefaultSubscriptionRegistry@39d959e0]]
2025-11-17T18:44:01.154+05:30  INFO 22964 --- [Rideshare] [SpringApplicationShutdownHook] o.s.m.s.b.SimpleBrokerMessageHandler     : Stopped.
2025-11-17T18:44:01.154+05:30  INFO 22964 --- [Rideshare] [SpringApplicationShutdownHook] j.LocalContainerEntityManagerFactoryBean : Closing JPA EntityManagerFactory for persistence unit 'default'
2025-11-17T18:44:01.154+05:30  INFO 22964 --- [Rideshare] [SpringApplicationShutdownHook] com.zaxxer.hikari.HikariDataSource       : HikariPool-1 - Shutdown initiated...
2025-11-17T18:44:01.179+05:30  INFO 22964 --- [Rideshare] [SpringApplicationShutdownHook] com.zaxxer.hikari.HikariDataSource       : HikariPool-1 - Shutdown completed.
2025-11-17T18:44:11.343+05:30  INFO 29852 --- [Rideshare] [restartedMain] com.rideshare.RideshareApplication       : Starting RideshareApplication using Java 23.0.1 with PID 29852 (C:\Users\SAI KOUSHIK\Downloads\rideshare\rideshare\target\classes started by SAI KOUSHIK in C:\Users\SAI KOUSHIK\Downloads\rideshare\rideshare)
2025-11-17T18:44:11.343+05:30  INFO 29852 --- [Rideshare] [restartedMain] com.rideshare.RideshareApplication       : No active profile set, falling back to 1 default profile: "default"
2025-11-17T18:44:11.581+05:30  INFO 29852 --- [Rideshare] [restartedMain] .e.DevToolsPropertyDefaultsPostProcessor : Devtools property defaults active! Set 'spring.devtools.add-properties' to 'false' to disable
2025-11-17T18:44:11.581+05:30  INFO 29852 --- [Rideshare] [restartedMain] .e.DevToolsPropertyDefaultsPostProcessor : For additional web related logging consider setting the 'logging.level.web' property to 'DEBUG'
2025-11-17T18:44:13.499+05:30  INFO 29852 --- [Rideshare] [restartedMain] .s.d.r.c.RepositoryConfigurationDelegate : Bootstrapping Spring Data JPA repositories in DEFAULT mode.
2025-11-17T18:44:13.610+05:30  INFO 29852 --- [Rideshare] [restartedMain] .s.d.r.c.RepositoryConfigurationDelegate : Finished Spring Data repository scanning in 97 ms. Found 5 JPA repository interfaces.
2025-11-17T18:44:15.099+05:30  INFO 29852 --- [Rideshare] [restartedMain] o.s.b.w.embedded.tomcat.TomcatWebServer  : Tomcat initialized with port 8080 (http)
2025-11-17T18:44:15.162+05:30  INFO 29852 --- [Rideshare] [restartedMain] o.apache.catalina.core.StandardService   : Starting service [Tomcat]
2025-11-17T18:44:15.162+05:30  INFO 29852 --- [Rideshare] [restartedMain] o.apache.catalina.core.StandardEngine    : Starting Servlet engine: [Apache Tomcat/10.1.46]
2025-11-17T18:44:15.281+05:30  INFO 29852 --- [Rideshare] [restartedMain] o.a.c.c.C.[Tomcat].[localhost].[/]       : Initializing Spring embedded WebApplicationContext
2025-11-17T18:44:15.283+05:30  INFO 29852 --- [Rideshare] [restartedMain] w.s.c.ServletWebServerApplicationContext : Root WebApplicationContext: initialization completed in 3702 ms
2025-11-17T18:44:15.651+05:30  INFO 29852 --- [Rideshare] [restartedMain] o.hibernate.jpa.internal.util.LogHelper  : HHH000204: Processing PersistenceUnitInfo [name: default]
2025-11-17T18:44:15.729+05:30  INFO 29852 --- [Rideshare] [restartedMain] org.hibernate.Version                    : HHH000412: Hibernate ORM core version 6.6.29.Final
2025-11-17T18:44:15.777+05:30  INFO 29852 --- [Rideshare] [restartedMain] o.h.c.internal.RegionFactoryInitiator    : HHH000026: Second-level cache disabled
2025-11-17T18:44:16.208+05:30  INFO 29852 --- [Rideshare] [restartedMain] o.s.o.j.p.SpringPersistenceUnitInfo      : No LoadTimeWeaver setup: ignoring JPA class transformer
2025-11-17T18:44:16.256+05:30  INFO 29852 --- [Rideshare] [restartedMain] com.zaxxer.hikari.HikariDataSource       : HikariPool-1 - Starting...
2025-11-17T18:44:16.878+05:30  INFO 29852 --- [Rideshare] [restartedMain] com.zaxxer.hikari.pool.HikariPool        : HikariPool-1 - Added connection com.mysql.cj.jdbc.ConnectionImpl@3bb8f6fc
2025-11-17T18:44:16.884+05:30  INFO 29852 --- [Rideshare] [restartedMain] com.zaxxer.hikari.HikariDataSource       : HikariPool-1 - Start completed.
2025-11-17T18:44:16.956+05:30  WARN 29852 --- [Rideshare] [restartedMain] org.hibernate.orm.deprecation            : HHH90000025: MySQL8Dialect does not need to be specified explicitly using 'hibernate.dialect' (remove the property setting and it will be selected by default)
2025-11-17T18:44:16.972+05:30  WARN 29852 --- [Rideshare] [restartedMain] org.hibernate.orm.deprecation            : HHH90000026: MySQL8Dialect has been deprecated; use org.hibernate.dialect.MySQLDialect instead
2025-11-17T18:44:17.004+05:30  INFO 29852 --- [Rideshare] [restartedMain] org.hibernate.orm.connections.pooling    : HHH10001005: Database info:
	Database JDBC URL [Connecting through datasource 'HikariDataSource (HikariPool-1)']
	Database driver: undefined/unknown
	Database version: 8.0
	Autocommit mode: undefined/unknown
	Isolation level: undefined/unknown
	Minimum pool size: undefined/unknown
	Maximum pool size: undefined/unknown
2025-11-17T18:44:18.329+05:30  INFO 29852 --- [Rideshare] [restartedMain] o.h.e.t.j.p.i.JtaPlatformInitiator       : HHH000489: No JTA platform available (set 'hibernate.transaction.jta.platform' to enable JTA platform integration)
2025-11-17T18:44:18.424+05:30  INFO 29852 --- [Rideshare] [restartedMain] j.LocalContainerEntityManagerFactoryBean : Initialized JPA EntityManagerFactory for persistence unit 'default'
2025-11-17T18:44:19.073+05:30  INFO 29852 --- [Rideshare] [restartedMain] o.s.d.j.r.query.QueryEnhancerFactory     : Hibernate is in classpath; If applicable, HQL parser will be used.
2025-11-17T18:44:21.098+05:30  WARN 29852 --- [Rideshare] [restartedMain] JpaBaseConfiguration$JpaWebConfiguration : spring.jpa.open-in-view is enabled by default. Therefore, database queries may be performed during view rendering. Explicitly configure spring.jpa.open-in-view to disable this warning
2025-11-17T18:44:21.295+05:30  INFO 29852 --- [Rideshare] [restartedMain] o.s.b.a.w.s.WelcomePageHandlerMapping    : Adding welcome page: class path resource [static/index.html]
2025-11-17T18:44:21.556+05:30  WARN 29852 --- [Rideshare] [restartedMain] .s.s.UserDetailsServiceAutoConfiguration : 

Using generated security password: 4dd7a510-351c-4c8c-9e24-7fb4ef0fa950

This generated password is for development use only. Your security configuration must be updated before running your application in production.

2025-11-17T18:44:21.571+05:30  INFO 29852 --- [Rideshare] [restartedMain] r$InitializeUserDetailsManagerConfigurer : Global AuthenticationManager configured with UserDetailsService bean with name inMemoryUserDetailsManager
2025-11-17T18:44:22.585+05:30  INFO 29852 --- [Rideshare] [restartedMain] o.s.b.d.a.OptionalLiveReloadServer       : LiveReload server is running on port 35729
2025-11-17T18:44:22.617+05:30  INFO 29852 --- [Rideshare] [restartedMain] o.s.m.s.b.SimpleBrokerMessageHandler     : Starting...
2025-11-17T18:44:22.617+05:30  INFO 29852 --- [Rideshare] [restartedMain] o.s.m.s.b.SimpleBrokerMessageHandler     : BrokerAvailabilityEvent[available=true, SimpleBrokerMessageHandler [org.springframework.messaging.simp.broker.DefaultSubscriptionRegistry@294fbc6c]]
2025-11-17T18:44:22.617+05:30  INFO 29852 --- [Rideshare] [restartedMain] o.s.m.s.b.SimpleBrokerMessageHandler     : Started.
2025-11-17T18:44:22.681+05:30  INFO 29852 --- [Rideshare] [restartedMain] o.s.b.w.embedded.tomcat.TomcatWebServer  : Tomcat started on port 8080 (http) with context path '/'
2025-11-17T18:44:22.697+05:30  INFO 29852 --- [Rideshare] [restartedMain] com.rideshare.RideshareApplication       : Started RideshareApplication in 12.425 seconds (process running for 13.392)
2025-11-17T18:44:27.955+05:30  INFO 29852 --- [Rideshare] [http-nio-8080-exec-1] o.a.c.c.C.[Tomcat].[localhost].[/]       : Initializing Spring DispatcherServlet 'dispatcherServlet'
2025-11-17T18:44:27.963+05:30  INFO 29852 --- [Rideshare] [http-nio-8080-exec-1] o.s.web.servlet.DispatcherServlet        : Initializing Servlet 'dispatcherServlet'
2025-11-17T18:44:27.963+05:30  INFO 29852 --- [Rideshare] [http-nio-8080-exec-1] o.s.web.servlet.DispatcherServlet        : Completed initialization in 0 ms
2025-11-17T18:45:22.641+05:30  INFO 29852 --- [Rideshare] [MessageBroker-1] o.s.w.s.c.WebSocketMessageBrokerStats    : WebSocketSession[0 current WS(0)-HttpStream(0)-HttpPoll(0), 0 total, 0 closed abnormally (0 connect failure, 0 send limit, 0 transport error)], stompSubProtocol[processed CONNECT(0)-CONNECTED(0)-DISCONNECT(0)], stompBrokerRelay[null], inboundChannel[pool size = 0, active threads = 0, queued tasks = 0, completed tasks = 0], outboundChannel[pool size = 0, active threads = 0, queued tasks = 0, completed tasks = 0], sockJsScheduler[pool size = 1, active threads = 1, queued tasks = 0, completed tasks = 0]
2025-11-17T18:47:15.569+05:30  INFO 29852 --- [Rideshare] [SpringApplicationShutdownHook] o.s.b.w.e.tomcat.GracefulShutdown        : Commencing graceful shutdown. Waiting for active requests to complete
2025-11-17T18:47:15.591+05:30  INFO 29852 --- [Rideshare] [tomcat-shutdown] o.s.b.w.e.tomcat.GracefulShutdown        : Graceful shutdown complete
2025-11-17T18:47:15.591+05:30  INFO 29852 --- [Rideshare] [SpringApplicationShutdownHook] o.s.m.s.b.SimpleBrokerMessageHandler     : Stopping...
2025-11-17T18:47:15.591+05:30  INFO 29852 --- [Rideshare] [SpringApplicationShutdownHook] o.s.m.s.b.SimpleBrokerMessageHandler     : BrokerAvailabilityEvent[available=false, SimpleBrokerMessageHandler [org.springframework.messaging.simp.broker.DefaultSubscriptionRegistry@294fbc6c]]
2025-11-17T18:47:15.591+05:30  INFO 29852 --- [Rideshare] [SpringApplicationShutdownHook] o.s.m.s.b.SimpleBrokerMessageHandler     : Stopped.
2025-11-17T18:47:15.600+05:30  INFO 29852 --- [Rideshare] [SpringApplicationShutdownHook] j.LocalContainerEntityManagerFactoryBean : Closing JPA EntityManagerFactory for persistence unit 'default'
2025-11-17T18:47:15.616+05:30  INFO 29852 --- [Rideshare] [SpringApplicationShutdownHook] com.zaxxer.hikari.HikariDataSource       : HikariPool-1 - Shutdown initiated...
2025-11-17T18:47:15.639+05:30  INFO 29852 --- [Rideshare] [SpringApplicationShutdownHook] com.zaxxer.hikari.HikariDataSource       : HikariPool-1 - Shutdown completed.
2025-11-17T18:47:47.496+05:30  INFO 17076 --- [Rideshare] [restartedMain] com.rideshare.RideshareApplication       : Starting RideshareApplication using Java 23.0.1 with PID 17076 (C:\Users\SAI KOUSHIK\Downloads\rideshare\rideshare\target\classes started by SAI KOUSHIK in C:\Users\SAI KOUSHIK\Downloads\rideshare\rideshare)
2025-11-17T18:47:47.514+05:30  INFO 17076 --- [Rideshare] [restartedMain] com.rideshare.RideshareApplication       : No active profile set, falling back to 1 default profile: "default"
2025-11-17T18:47:47.689+05:30  INFO 17076 --- [Rideshare] [restartedMain] .e.DevToolsPropertyDefaultsPostProcessor : Devtools property defaults active! Set 'spring.devtools.add-properties' to 'false' to disable
2025-11-17T18:47:47.689+05:30  INFO 17076 --- [Rideshare] [restartedMain] .e.DevToolsPropertyDefaultsPostProcessor : For additional web related logging consider setting the 'logging.level.web' property to 'DEBUG'
2025-11-17T18:47:49.417+05:30  INFO 17076 --- [Rideshare] [restartedMain] .s.d.r.c.RepositoryConfigurationDelegate : Bootstrapping Spring Data JPA repositories in DEFAULT mode.
2025-11-17T18:47:49.516+05:30  INFO 17076 --- [Rideshare] [restartedMain] .s.d.r.c.RepositoryConfigurationDelegate : Finished Spring Data repository scanning in 94 ms. Found 5 JPA repository interfaces.
2025-11-17T18:47:50.846+05:30  INFO 17076 --- [Rideshare] [restartedMain] o.s.b.w.embedded.tomcat.TomcatWebServer  : Tomcat initialized with port 8080 (http)
2025-11-17T18:47:50.869+05:30  INFO 17076 --- [Rideshare] [restartedMain] o.apache.catalina.core.StandardService   : Starting service [Tomcat]
2025-11-17T18:47:50.869+05:30  INFO 17076 --- [Rideshare] [restartedMain] o.apache.catalina.core.StandardEngine    : Starting Servlet engine: [Apache Tomcat/10.1.46]
2025-11-17T18:47:50.963+05:30  INFO 17076 --- [Rideshare] [restartedMain] o.a.c.c.C.[Tomcat].[localhost].[/]       : Initializing Spring embedded WebApplicationContext
2025-11-17T18:47:50.969+05:30  INFO 17076 --- [Rideshare] [restartedMain] w.s.c.ServletWebServerApplicationContext : Root WebApplicationContext: initialization completed in 3274 ms
2025-11-17T18:47:51.369+05:30  INFO 17076 --- [Rideshare] [restartedMain] o.hibernate.jpa.internal.util.LogHelper  : HHH000204: Processing PersistenceUnitInfo [name: default]
2025-11-17T18:47:51.465+05:30  INFO 17076 --- [Rideshare] [restartedMain] org.hibernate.Version                    : HHH000412: Hibernate ORM core version 6.6.29.Final
2025-11-17T18:47:51.560+05:30  INFO 17076 --- [Rideshare] [restartedMain] o.h.c.internal.RegionFactoryInitiator    : HHH000026: Second-level cache disabled
2025-11-17T18:47:52.130+05:30  INFO 17076 --- [Rideshare] [restartedMain] o.s.o.j.p.SpringPersistenceUnitInfo      : No LoadTimeWeaver setup: ignoring JPA class transformer
2025-11-17T18:47:52.209+05:30  INFO 17076 --- [Rideshare] [restartedMain] com.zaxxer.hikari.HikariDataSource       : HikariPool-1 - Starting...
2025-11-17T18:47:52.907+05:30  INFO 17076 --- [Rideshare] [restartedMain] com.zaxxer.hikari.pool.HikariPool        : HikariPool-1 - Added connection com.mysql.cj.jdbc.ConnectionImpl@4b105fff
2025-11-17T18:47:52.907+05:30  INFO 17076 --- [Rideshare] [restartedMain] com.zaxxer.hikari.HikariDataSource       : HikariPool-1 - Start completed.
2025-11-17T18:47:52.986+05:30  WARN 17076 --- [Rideshare] [restartedMain] org.hibernate.orm.deprecation            : HHH90000025: MySQL8Dialect does not need to be specified explicitly using 'hibernate.dialect' (remove the property setting and it will be selected by default)
2025-11-17T18:47:52.986+05:30  WARN 17076 --- [Rideshare] [restartedMain] org.hibernate.orm.deprecation            : HHH90000026: MySQL8Dialect has been deprecated; use org.hibernate.dialect.MySQLDialect instead
2025-11-17T18:47:53.050+05:30  INFO 17076 --- [Rideshare] [restartedMain] org.hibernate.orm.connections.pooling    : HHH10001005: Database info:
	Database JDBC URL [Connecting through datasource 'HikariDataSource (HikariPool-1)']
	Database driver: undefined/unknown
	Database version: 8.0
	Autocommit mode: undefined/unknown
	Isolation level: undefined/unknown
	Minimum pool size: undefined/unknown
	Maximum pool size: undefined/unknown
2025-11-17T18:47:54.535+05:30  INFO 17076 --- [Rideshare] [restartedMain] o.h.e.t.j.p.i.JtaPlatformInitiator       : HHH000489: No JTA platform available (set 'hibernate.transaction.jta.platform' to enable JTA platform integration)
2025-11-17T18:47:54.630+05:30  INFO 17076 --- [Rideshare] [restartedMain] j.LocalContainerEntityManagerFactoryBean : Initialized JPA EntityManagerFactory for persistence unit 'default'
2025-11-17T18:47:55.327+05:30  INFO 17076 --- [Rideshare] [restartedMain] o.s.d.j.r.query.QueryEnhancerFactory     : Hibernate is in classpath; If applicable, HQL parser will be used.
2025-11-17T18:47:57.374+05:30  WARN 17076 --- [Rideshare] [restartedMain] JpaBaseConfiguration$JpaWebConfiguration : spring.jpa.open-in-view is enabled by default. Therefore, database queries may be performed during view rendering. Explicitly configure spring.jpa.open-in-view to disable this warning
2025-11-17T18:47:57.555+05:30  INFO 17076 --- [Rideshare] [restartedMain] o.s.b.a.w.s.WelcomePageHandlerMapping    : Adding welcome page: class path resource [static/index.html]
2025-11-17T18:47:57.886+05:30  WARN 17076 --- [Rideshare] [restartedMain] .s.s.UserDetailsServiceAutoConfiguration : 

Using generated security password: b7eb0634-0ab7-416e-9182-a730ddab83d4

This generated password is for development use only. Your security configuration must be updated before running your application in production.

2025-11-17T18:47:57.927+05:30  INFO 17076 --- [Rideshare] [restartedMain] r$InitializeUserDetailsManagerConfigurer : Global AuthenticationManager configured with UserDetailsService bean with name inMemoryUserDetailsManager
2025-11-17T18:47:58.909+05:30  INFO 17076 --- [Rideshare] [restartedMain] o.s.b.d.a.OptionalLiveReloadServer       : LiveReload server is running on port 35729
2025-11-17T18:47:58.944+05:30  INFO 17076 --- [Rideshare] [restartedMain] o.s.m.s.b.SimpleBrokerMessageHandler     : Starting...
2025-11-17T18:47:58.944+05:30  INFO 17076 --- [Rideshare] [restartedMain] o.s.m.s.b.SimpleBrokerMessageHandler     : BrokerAvailabilityEvent[available=true, SimpleBrokerMessageHandler [org.springframework.messaging.simp.broker.DefaultSubscriptionRegistry@4a5a34ac]]
2025-11-17T18:47:58.952+05:30  INFO 17076 --- [Rideshare] [restartedMain] o.s.m.s.b.SimpleBrokerMessageHandler     : Started.
2025-11-17T18:47:58.991+05:30  INFO 17076 --- [Rideshare] [restartedMain] o.s.b.w.embedded.tomcat.TomcatWebServer  : Tomcat started on port 8080 (http) with context path '/'
2025-11-17T18:47:59.005+05:30  INFO 17076 --- [Rideshare] [restartedMain] com.rideshare.RideshareApplication       : Started RideshareApplication in 12.536 seconds (process running for 13.538)
2025-11-17T18:48:03.983+05:30  INFO 17076 --- [Rideshare] [http-nio-8080-exec-1] o.a.c.c.C.[Tomcat].[localhost].[/]       : Initializing Spring DispatcherServlet 'dispatcherServlet'
2025-11-17T18:48:03.989+05:30  INFO 17076 --- [Rideshare] [http-nio-8080-exec-1] o.s.web.servlet.DispatcherServlet        : Initializing Servlet 'dispatcherServlet'
2025-11-17T18:48:03.992+05:30  INFO 17076 --- [Rideshare] [http-nio-8080-exec-1] o.s.web.servlet.DispatcherServlet        : Completed initialization in 3 ms
2025-11-17T18:48:50.966+05:30  INFO 17076 --- [Rideshare] [SpringApplicationShutdownHook] o.s.b.w.e.tomcat.GracefulShutdown        : Commencing graceful shutdown. Waiting for active requests to complete
2025-11-17T18:48:50.978+05:30  INFO 17076 --- [Rideshare] [tomcat-shutdown] o.s.b.w.e.tomcat.GracefulShutdown        : Graceful shutdown complete
2025-11-17T18:48:50.994+05:30  INFO 17076 --- [Rideshare] [SpringApplicationShutdownHook] o.s.m.s.b.SimpleBrokerMessageHandler     : Stopping...
2025-11-17T18:48:50.994+05:30  INFO 17076 --- [Rideshare] [SpringApplicationShutdownHook] o.s.m.s.b.SimpleBrokerMessageHandler     : BrokerAvailabilityEvent[available=false, SimpleBrokerMessageHandler [org.springframework.messaging.simp.broker.DefaultSubscriptionRegistry@4a5a34ac]]
2025-11-17T18:48:50.994+05:30  INFO 17076 --- [Rideshare] [SpringApplicationShutdownHook] o.s.m.s.b.SimpleBrokerMessageHandler     : Stopped.
2025-11-17T18:48:50.994+05:30  INFO 17076 --- [Rideshare] [SpringApplicationShutdownHook] j.LocalContainerEntityManagerFactoryBean : Closing JPA EntityManagerFactory for persistence unit 'default'
2025-11-17T18:48:51.026+05:30  INFO 17076 --- [Rideshare] [SpringApplicationShutdownHook] com.zaxxer.hikari.HikariDataSource       : HikariPool-1 - Shutdown initiated...
2025-11-17T18:48:51.026+05:30  INFO 17076 --- [Rideshare] [SpringApplicationShutdownHook] com.zaxxer.hikari.HikariDataSource       : HikariPool-1 - Shutdown completed.
2025-11-17T18:50:49.540+05:30  INFO 5536 --- [Rideshare] [restartedMain] com.rideshare.RideshareApplication       : Starting RideshareApplication using Java 23.0.1 with PID 5536 (C:\Users\SAI KOUSHIK\Downloads\rideshare\rideshare\target\classes started by SAI KOUSHIK in C:\Users\SAI KOUSHIK\Downloads\rideshare\rideshare)
2025-11-17T18:50:49.549+05:30  INFO 5536 --- [Rideshare] [restartedMain] com.rideshare.RideshareApplication       : No active profile set, falling back to 1 default profile: "default"
2025-11-17T18:50:49.839+05:30  INFO 5536 --- [Rideshare] [restartedMain] .e.DevToolsPropertyDefaultsPostProcessor : Devtools property defaults active! Set 'spring.devtools.add-properties' to 'false' to disable
2025-11-17T18:50:49.847+05:30  INFO 5536 --- [Rideshare] [restartedMain] .e.DevToolsPropertyDefaultsPostProcessor : For additional web related logging consider setting the 'logging.level.web' property to 'DEBUG'
2025-11-17T18:50:54.811+05:30  INFO 5536 --- [Rideshare] [restartedMain] .s.d.r.c.RepositoryConfigurationDelegate : Bootstrapping Spring Data JPA repositories in DEFAULT mode.
2025-11-17T18:50:55.409+05:30  INFO 5536 --- [Rideshare] [restartedMain] .s.d.r.c.RepositoryConfigurationDelegate : Finished Spring Data repository scanning in 474 ms. Found 5 JPA repository interfaces.
2025-11-17T18:50:59.713+05:30  INFO 5536 --- [Rideshare] [restartedMain] o.s.b.w.embedded.tomcat.TomcatWebServer  : Tomcat initialized with port 8080 (http)
2025-11-17T18:50:59.749+05:30  INFO 5536 --- [Rideshare] [restartedMain] o.apache.catalina.core.StandardService   : Starting service [Tomcat]
2025-11-17T18:50:59.749+05:30  INFO 5536 --- [Rideshare] [restartedMain] o.apache.catalina.core.StandardEngine    : Starting Servlet engine: [Apache Tomcat/10.1.46]
2025-11-17T18:50:59.862+05:30  INFO 5536 --- [Rideshare] [restartedMain] o.a.c.c.C.[Tomcat].[localhost].[/]       : Initializing Spring embedded WebApplicationContext
2025-11-17T18:50:59.871+05:30  INFO 5536 --- [Rideshare] [restartedMain] w.s.c.ServletWebServerApplicationContext : Root WebApplicationContext: initialization completed in 10020 ms
2025-11-17T18:51:00.323+05:30  INFO 5536 --- [Rideshare] [restartedMain] o.hibernate.jpa.internal.util.LogHelper  : HHH000204: Processing PersistenceUnitInfo [name: default]
2025-11-17T18:51:00.443+05:30  INFO 5536 --- [Rideshare] [restartedMain] org.hibernate.Version                    : HHH000412: Hibernate ORM core version 6.6.29.Final
2025-11-17T18:51:00.490+05:30  INFO 5536 --- [Rideshare] [restartedMain] o.h.c.internal.RegionFactoryInitiator    : HHH000026: Second-level cache disabled
2025-11-17T18:51:01.370+05:30  INFO 5536 --- [Rideshare] [restartedMain] o.s.o.j.p.SpringPersistenceUnitInfo      : No LoadTimeWeaver setup: ignoring JPA class transformer
2025-11-17T18:51:01.501+05:30  INFO 5536 --- [Rideshare] [restartedMain] com.zaxxer.hikari.HikariDataSource       : HikariPool-1 - Starting...
2025-11-17T18:51:02.226+05:30  INFO 5536 --- [Rideshare] [restartedMain] com.zaxxer.hikari.pool.HikariPool        : HikariPool-1 - Added connection com.mysql.cj.jdbc.ConnectionImpl@3c0fe445
2025-11-17T18:51:02.241+05:30  INFO 5536 --- [Rideshare] [restartedMain] com.zaxxer.hikari.HikariDataSource       : HikariPool-1 - Start completed.
2025-11-17T18:51:02.321+05:30  WARN 5536 --- [Rideshare] [restartedMain] org.hibernate.orm.deprecation            : HHH90000025: MySQL8Dialect does not need to be specified explicitly using 'hibernate.dialect' (remove the property setting and it will be selected by default)
2025-11-17T18:51:02.321+05:30  WARN 5536 --- [Rideshare] [restartedMain] org.hibernate.orm.deprecation            : HHH90000026: MySQL8Dialect has been deprecated; use org.hibernate.dialect.MySQLDialect instead
2025-11-17T18:51:02.337+05:30  INFO 5536 --- [Rideshare] [restartedMain] org.hibernate.orm.connections.pooling    : HHH10001005: Database info:
	Database JDBC URL [Connecting through datasource 'HikariDataSource (HikariPool-1)']
	Database driver: undefined/unknown
	Database version: 8.0
	Autocommit mode: undefined/unknown
	Isolation level: undefined/unknown
	Minimum pool size: undefined/unknown
	Maximum pool size: undefined/unknown
2025-11-17T18:51:03.811+05:30  INFO 5536 --- [Rideshare] [restartedMain] o.h.e.t.j.p.i.JtaPlatformInitiator       : HHH000489: No JTA platform available (set 'hibernate.transaction.jta.platform' to enable JTA platform integration)
2025-11-17T18:51:03.893+05:30  INFO 5536 --- [Rideshare] [restartedMain] j.LocalContainerEntityManagerFactoryBean : Initialized JPA EntityManagerFactory for persistence unit 'default'
2025-11-17T18:51:04.686+05:30  INFO 5536 --- [Rideshare] [restartedMain] o.s.d.j.r.query.QueryEnhancerFactory     : Hibernate is in classpath; If applicable, HQL parser will be used.
2025-11-17T18:51:07.022+05:30  WARN 5536 --- [Rideshare] [restartedMain] JpaBaseConfiguration$JpaWebConfiguration : spring.jpa.open-in-view is enabled by default. Therefore, database queries may be performed during view rendering. Explicitly configure spring.jpa.open-in-view to disable this warning
2025-11-17T18:51:07.159+05:30  INFO 5536 --- [Rideshare] [restartedMain] o.s.b.a.w.s.WelcomePageHandlerMapping    : Adding welcome page: class path resource [static/index.html]
2025-11-17T18:51:07.474+05:30  WARN 5536 --- [Rideshare] [restartedMain] .s.s.UserDetailsServiceAutoConfiguration : 

Using generated security password: 274f06a1-cc65-412c-8448-20eb1dc43c57

This generated password is for development use only. Your security configuration must be updated before running your application in production.

2025-11-17T18:51:07.506+05:30  INFO 5536 --- [Rideshare] [restartedMain] r$InitializeUserDetailsManagerConfigurer : Global AuthenticationManager configured with UserDetailsService bean with name inMemoryUserDetailsManager
2025-11-17T18:51:08.427+05:30  INFO 5536 --- [Rideshare] [restartedMain] o.s.b.d.a.OptionalLiveReloadServer       : LiveReload server is running on port 35729
2025-11-17T18:51:08.516+05:30  INFO 5536 --- [Rideshare] [restartedMain] o.s.m.s.b.SimpleBrokerMessageHandler     : Starting...
2025-11-17T18:51:08.517+05:30  INFO 5536 --- [Rideshare] [restartedMain] o.s.m.s.b.SimpleBrokerMessageHandler     : BrokerAvailabilityEvent[available=true, SimpleBrokerMessageHandler [org.springframework.messaging.simp.broker.DefaultSubscriptionRegistry@591b03a1]]
2025-11-17T18:51:08.517+05:30  INFO 5536 --- [Rideshare] [restartedMain] o.s.m.s.b.SimpleBrokerMessageHandler     : Started.
2025-11-17T18:51:08.595+05:30  INFO 5536 --- [Rideshare] [restartedMain] o.s.b.w.embedded.tomcat.TomcatWebServer  : Tomcat started on port 8080 (http) with context path '/'
2025-11-17T18:51:08.629+05:30  INFO 5536 --- [Rideshare] [restartedMain] com.rideshare.RideshareApplication       : Started RideshareApplication in 20.358 seconds (process running for 21.482)
2025-11-17T18:51:11.635+05:30  INFO 5536 --- [Rideshare] [http-nio-8080-exec-1] o.a.c.c.C.[Tomcat].[localhost].[/]       : Initializing Spring DispatcherServlet 'dispatcherServlet'
2025-11-17T18:51:11.635+05:30  INFO 5536 --- [Rideshare] [http-nio-8080-exec-1] o.s.web.servlet.DispatcherServlet        : Initializing Servlet 'dispatcherServlet'
2025-11-17T18:51:11.643+05:30  INFO 5536 --- [Rideshare] [http-nio-8080-exec-1] o.s.web.servlet.DispatcherServlet        : Completed initialization in 8 ms
2025-11-17T18:51:54.686+05:30  INFO 5536 --- [Rideshare] [SpringApplicationShutdownHook] o.s.b.w.e.tomcat.GracefulShutdown        : Commencing graceful shutdown. Waiting for active requests to complete
2025-11-17T18:51:54.696+05:30  INFO 5536 --- [Rideshare] [tomcat-shutdown] o.s.b.w.e.tomcat.GracefulShutdown        : Graceful shutdown complete
2025-11-17T18:51:54.696+05:30  INFO 5536 --- [Rideshare] [SpringApplicationShutdownHook] o.s.m.s.b.SimpleBrokerMessageHandler     : Stopping...
2025-11-17T18:51:54.696+05:30  INFO 5536 --- [Rideshare] [SpringApplicationShutdownHook] o.s.m.s.b.SimpleBrokerMessageHandler     : BrokerAvailabilityEvent[available=false, SimpleBrokerMessageHandler [org.springframework.messaging.simp.broker.DefaultSubscriptionRegistry@591b03a1]]
2025-11-17T18:51:54.696+05:30  INFO 5536 --- [Rideshare] [SpringApplicationShutdownHook] o.s.m.s.b.SimpleBrokerMessageHandler     : Stopped.
2025-11-17T18:51:54.712+05:30  INFO 5536 --- [Rideshare] [SpringApplicationShutdownHook] j.LocalContainerEntityManagerFactoryBean : Closing JPA EntityManagerFactory for persistence unit 'default'
2025-11-17T18:51:54.728+05:30  INFO 5536 --- [Rideshare] [SpringApplicationShutdownHook] com.zaxxer.hikari.HikariDataSource       : HikariPool-1 - Shutdown initiated...
2025-11-17T18:51:54.744+05:30  INFO 5536 --- [Rideshare] [SpringApplicationShutdownHook] com.zaxxer.hikari.HikariDataSource       : HikariPool-1 - Shutdown completed.
